<?xml version="1.0" encoding="UTF-8"?>
<!-- Generated by org.testng.reporters.JUnitXMLReporter -->
<testsuite ignored="0" hostname="Nithishs-MacBook-Pro-2.local" failures="0" tests="2" name="Error Validation Test" time="17.709" errors="0" timestamp="2025-10-08T12:14:03 EDT">
  <testcase classname="nithishpandian.tests.ErrorValidationTest" name="loginErrorValidation" time="5.075"/>
  <testcase classname="nithishpandian.tests.ErrorValidationTest" name="productErrorValidation" time="3.339"/>
</testsuite> <!-- Error Validation Test -->
