<?xml version="1.0" encoding="UTF-8"?>
<!-- Generated by org.testng.reporters.JUnitXMLReporter -->
<testsuite ignored="0" hostname="Nithishs-MacBook-Pro-2.local" failures="0" tests="5" name="Submit Order Test" time="54.594" errors="0" timestamp="2025-10-08T12:14:40 EDT">
  <testcase classname="nithishpandian.tests.SubmitOrderTest" name="submitOrder" time="5.174"/>
  <testcase classname="nithishpandian.tests.SubmitOrderTest" name="submitOrder" time="8.594"/>
  <testcase classname="nithishpandian.tests.SubmitOrderTest" name="submitOrder1" time="5.114"/>
  <testcase classname="nithishpandian.tests.SubmitOrderTest" name="submitOrder1" time="4.683"/>
  <testcase classname="nithishpandian.tests.SubmitOrderTest" name="orderHistoryTest" time="7.546"/>
</testsuite> <!-- Submit Order Test -->
