<?xml version="1.0" encoding="UTF-8"?>
<testng-results ignored="0" total="7" passed="7" failed="0" skipped="0">
  <reporter-output>
  </reporter-output>
  <suite started-at="2025-10-08T12:13:45 EDT" name="Suite" finished-at="2025-10-08T12:14:40 EDT" duration-ms="54594">
    <groups>
      <group name="Purchase">
        <method signature="SubmitOrderTest.submitOrder(java.lang.String,java.lang.String,java.lang.String)[pri:0, instance:nithishpandian.tests.SubmitOrderTest@413d1baf]" name="submitOrder" class="nithishpandian.tests.SubmitOrderTest"/>
      </group> <!-- Purchase -->
      <group name="Purchase1">
        <method signature="SubmitOrderTest.submitOrder1(java.util.HashMap)[pri:0, instance:nithishpandian.tests.SubmitOrderTest@413d1baf]" name="submitOrder1" class="nithishpandian.tests.SubmitOrderTest"/>
      </group> <!-- Purchase1 -->
      <group name="ErrorHandilng">
        <method signature="ErrorValidationTest.loginErrorValidation()[pri:0, instance:nithishpandian.tests.ErrorValidationTest@4d14b6c2]" name="loginErrorValidation" class="nithishpandian.tests.ErrorValidationTest"/>
      </group> <!-- ErrorHandilng -->
    </groups>
    <test started-at="2025-10-08T12:13:45 EDT" name="Error Validation Test" finished-at="2025-10-08T12:14:03 EDT" duration-ms="17709">
      <class name="nithishpandian.tests.ErrorValidationTest">
        <test-method is-config="true" signature="launchApplication()[pri:0, instance:nithishpandian.tests.ErrorValidationTest@4d14b6c2]" started-at="2025-10-08T12:13:45 EDT" name="launchApplication" finished-at="2025-10-08T12:13:48 EDT" duration-ms="2869" status="PASS">
          <reporter-output>
          </reporter-output>
        </test-method> <!-- launchApplication -->
        <test-method signature="loginErrorValidation()[pri:0, instance:nithishpandian.tests.ErrorValidationTest@4d14b6c2]" started-at="2025-10-08T12:13:48 EDT" name="loginErrorValidation" finished-at="2025-10-08T12:13:53 EDT" duration-ms="5075" status="PASS">
          <reporter-output>
          </reporter-output>
        </test-method> <!-- loginErrorValidation -->
        <test-method is-config="true" signature="tearDown()[pri:0, instance:nithishpandian.tests.ErrorValidationTest@4d14b6c2]" started-at="2025-10-08T12:13:53 EDT" name="tearDown" finished-at="2025-10-08T12:13:53 EDT" duration-ms="92" status="PASS">
          <reporter-output>
          </reporter-output>
        </test-method> <!-- tearDown -->
        <test-method is-config="true" signature="launchApplication()[pri:0, instance:nithishpandian.tests.ErrorValidationTest@4d14b6c2]" started-at="2025-10-08T12:13:53 EDT" name="launchApplication" finished-at="2025-10-08T12:13:59 EDT" duration-ms="6213" status="PASS">
          <reporter-output>
          </reporter-output>
        </test-method> <!-- launchApplication -->
        <test-method signature="productErrorValidation()[pri:0, instance:nithishpandian.tests.ErrorValidationTest@4d14b6c2]" started-at="2025-10-08T12:13:59 EDT" name="productErrorValidation" finished-at="2025-10-08T12:14:03 EDT" duration-ms="3339" status="PASS">
          <reporter-output>
          </reporter-output>
        </test-method> <!-- productErrorValidation -->
        <test-method is-config="true" signature="tearDown()[pri:0, instance:nithishpandian.tests.ErrorValidationTest@4d14b6c2]" started-at="2025-10-08T12:14:03 EDT" name="tearDown" finished-at="2025-10-08T12:14:03 EDT" duration-ms="95" status="PASS">
          <reporter-output>
          </reporter-output>
        </test-method> <!-- tearDown -->
      </class> <!-- nithishpandian.tests.ErrorValidationTest -->
    </test> <!-- Error Validation Test -->
    <test started-at="2025-10-08T12:13:45 EDT" name="Submit Order Test" finished-at="2025-10-08T12:14:40 EDT" duration-ms="54594">
      <class name="nithishpandian.tests.SubmitOrderTest">
        <test-method is-config="true" signature="launchApplication()[pri:0, instance:nithishpandian.tests.SubmitOrderTest@413d1baf]" started-at="2025-10-08T12:13:45 EDT" name="launchApplication" finished-at="2025-10-08T12:13:52 EDT" duration-ms="7096" status="PASS">
          <reporter-output>
          </reporter-output>
        </test-method> <!-- launchApplication -->
        <test-method signature="submitOrder(java.lang.String,java.lang.String,java.lang.String)[pri:0, instance:nithishpandian.tests.SubmitOrderTest@413d1baf]" started-at="2025-10-08T12:13:52 EDT" name="submitOrder" data-provider="getData" finished-at="2025-10-08T12:13:57 EDT" duration-ms="5174" status="PASS">
          <params>
            <param index="0">
              <value>
                <![CDATA[scottmcall41@gmail.com]]>
              </value>
            </param>
            <param index="1">
              <value>
                <![CDATA[Scottmcall41]]>
              </value>
            </param>
            <param index="2">
              <value>
                <![CDATA[ZARA COAT 3]]>
              </value>
            </param>
          </params>
          <reporter-output>
          </reporter-output>
        </test-method> <!-- submitOrder -->
        <test-method is-config="true" signature="tearDown()[pri:0, instance:nithishpandian.tests.SubmitOrderTest@413d1baf]" started-at="2025-10-08T12:13:57 EDT" name="tearDown" finished-at="2025-10-08T12:13:57 EDT" duration-ms="96" status="PASS">
          <reporter-output>
          </reporter-output>
        </test-method> <!-- tearDown -->
        <test-method is-config="true" signature="launchApplication()[pri:0, instance:nithishpandian.tests.SubmitOrderTest@413d1baf]" started-at="2025-10-08T12:13:57 EDT" name="launchApplication" finished-at="2025-10-08T12:13:59 EDT" duration-ms="1467" status="PASS">
          <reporter-output>
          </reporter-output>
        </test-method> <!-- launchApplication -->
        <test-method signature="submitOrder(java.lang.String,java.lang.String,java.lang.String)[pri:0, instance:nithishpandian.tests.SubmitOrderTest@413d1baf]" started-at="2025-10-08T12:13:59 EDT" name="submitOrder" data-provider="getData" finished-at="2025-10-08T12:14:08 EDT" duration-ms="8594" status="PASS">
          <params>
            <param index="0">
              <value>
                <![CDATA[scottmcall41@gmail.com]]>
              </value>
            </param>
            <param index="1">
              <value>
                <![CDATA[Scottmcall41]]>
              </value>
            </param>
            <param index="2">
              <value>
                <![CDATA[ADIDAS ORIGINAL]]>
              </value>
            </param>
          </params>
          <reporter-output>
          </reporter-output>
        </test-method> <!-- submitOrder -->
        <test-method is-config="true" signature="tearDown()[pri:0, instance:nithishpandian.tests.SubmitOrderTest@413d1baf]" started-at="2025-10-08T12:14:08 EDT" name="tearDown" finished-at="2025-10-08T12:14:08 EDT" duration-ms="99" status="PASS">
          <reporter-output>
          </reporter-output>
        </test-method> <!-- tearDown -->
        <test-method is-config="true" signature="launchApplication()[pri:0, instance:nithishpandian.tests.SubmitOrderTest@413d1baf]" started-at="2025-10-08T12:14:08 EDT" name="launchApplication" finished-at="2025-10-08T12:14:14 EDT" duration-ms="6697" status="PASS">
          <reporter-output>
          </reporter-output>
        </test-method> <!-- launchApplication -->
        <test-method signature="submitOrder1(java.util.HashMap)[pri:0, instance:nithishpandian.tests.SubmitOrderTest@413d1baf]" started-at="2025-10-08T12:14:14 EDT" name="submitOrder1" data-provider="getData1" finished-at="2025-10-08T12:14:20 EDT" duration-ms="5114" status="PASS">
          <params>
            <param index="0">
              <value>
                <![CDATA[{password=Scottmcall41, email=scottmcall41@gmail.com, productName=ZARA COAT 3}]]>
              </value>
            </param>
          </params>
          <reporter-output>
          </reporter-output>
        </test-method> <!-- submitOrder1 -->
        <test-method is-config="true" signature="tearDown()[pri:0, instance:nithishpandian.tests.SubmitOrderTest@413d1baf]" started-at="2025-10-08T12:14:20 EDT" name="tearDown" finished-at="2025-10-08T12:14:20 EDT" duration-ms="104" status="PASS">
          <reporter-output>
          </reporter-output>
        </test-method> <!-- tearDown -->
        <test-method is-config="true" signature="launchApplication()[pri:0, instance:nithishpandian.tests.SubmitOrderTest@413d1baf]" started-at="2025-10-08T12:14:20 EDT" name="launchApplication" finished-at="2025-10-08T12:14:26 EDT" duration-ms="6225" status="PASS">
          <reporter-output>
          </reporter-output>
        </test-method> <!-- launchApplication -->
        <test-method signature="submitOrder1(java.util.HashMap)[pri:0, instance:nithishpandian.tests.SubmitOrderTest@413d1baf]" started-at="2025-10-08T12:14:26 EDT" name="submitOrder1" data-provider="getData1" finished-at="2025-10-08T12:14:31 EDT" duration-ms="4683" status="PASS">
          <params>
            <param index="0">
              <value>
                <![CDATA[{password=Scottmcall41, email=scottmcall41@gmail.com, productName=ADIDAS ORIGINAL}]]>
              </value>
            </param>
          </params>
          <reporter-output>
          </reporter-output>
        </test-method> <!-- submitOrder1 -->
        <test-method is-config="true" signature="tearDown()[pri:0, instance:nithishpandian.tests.SubmitOrderTest@413d1baf]" started-at="2025-10-08T12:14:31 EDT" name="tearDown" finished-at="2025-10-08T12:14:31 EDT" duration-ms="90" status="PASS">
          <reporter-output>
          </reporter-output>
        </test-method> <!-- tearDown -->
        <test-method is-config="true" signature="launchApplication()[pri:0, instance:nithishpandian.tests.SubmitOrderTest@413d1baf]" started-at="2025-10-08T12:14:31 EDT" name="launchApplication" finished-at="2025-10-08T12:14:32 EDT" duration-ms="1460" status="PASS">
          <reporter-output>
          </reporter-output>
        </test-method> <!-- launchApplication -->
        <test-method signature="orderHistoryTest()[pri:0, instance:nithishpandian.tests.SubmitOrderTest@413d1baf]" started-at="2025-10-08T12:14:32 EDT" name="orderHistoryTest" finished-at="2025-10-08T12:14:40 EDT" depends-on-methods="nithishpandian.tests.SubmitOrderTest.submitOrder" duration-ms="7546" status="PASS">
          <reporter-output>
          </reporter-output>
        </test-method> <!-- orderHistoryTest -->
        <test-method is-config="true" signature="tearDown()[pri:0, instance:nithishpandian.tests.SubmitOrderTest@413d1baf]" started-at="2025-10-08T12:14:40 EDT" name="tearDown" finished-at="2025-10-08T12:14:40 EDT" duration-ms="40" status="PASS">
          <reporter-output>
          </reporter-output>
        </test-method> <!-- tearDown -->
      </class> <!-- nithishpandian.tests.SubmitOrderTest -->
    </test> <!-- Submit Order Test -->
  </suite> <!-- Suite -->
</testng-results>
